Determining if the pthread_create exist failed with the following output:
Change Dir: /home/ctai/catkin_ws2/build/motoman_msgs/CMakeFiles/CMakeTmp

Run Build Command:"/usr/bin/make" "cmTryCompileExec2419982910/fast"
/usr/bin/make -f CMakeFiles/cmTryCompileExec2419982910.dir/build.make CMakeFiles/cmTryCompileExec2419982910.dir/build
make[1]: Entering directory '/home/ctai/catkin_ws2/build/motoman_msgs/CMakeFiles/CMakeTmp'
/usr/local/bin/cmake -E cmake_progress_report /home/ctai/catkin_ws2/build/motoman_msgs/CMakeFiles/CMakeTmp/CMakeFiles 1
Building C object CMakeFiles/cmTryCompileExec2419982910.dir/CheckSymbolExists.c.o
/usr/bin/cc    -o CMakeFiles/cmTryCompileExec2419982910.dir/CheckSymbolExists.c.o   -c /home/ctai/catkin_ws2/build/motoman_msgs/CMakeFiles/CMakeTmp/CheckSymbolExists.c
Linking C executable cmTryCompileExec2419982910
/usr/local/bin/cmake -E cmake_link_script CMakeFiles/cmTryCompileExec2419982910.dir/link.txt --verbose=1
/usr/bin/cc       CMakeFiles/cmTryCompileExec2419982910.dir/CheckSymbolExists.c.o  -o cmTryCompileExec2419982910 -rdynamic 
CMakeFiles/cmTryCompileExec2419982910.dir/CheckSymbolExists.c.o: In function `main':
CheckSymbolExists.c:(.text+0x16): undefined reference to `pthread_create'
collect2: error: ld returned 1 exit status
CMakeFiles/cmTryCompileExec2419982910.dir/build.make:88: recipe for target 'cmTryCompileExec2419982910' failed
make[1]: *** [cmTryCompileExec2419982910] Error 1
make[1]: Leaving directory '/home/ctai/catkin_ws2/build/motoman_msgs/CMakeFiles/CMakeTmp'
Makefile:117: recipe for target 'cmTryCompileExec2419982910/fast' failed
make: *** [cmTryCompileExec2419982910/fast] Error 2

File /home/ctai/catkin_ws2/build/motoman_msgs/CMakeFiles/CMakeTmp/CheckSymbolExists.c:
/* */
#include <pthread.h>

int main(int argc, char** argv)
{
  (void)argv;
#ifndef pthread_create
  return ((int*)(&pthread_create))[argc];
#else
  (void)argc;
  return 0;
#endif
}

Determining if the function pthread_create exists in the pthreads failed with the following output:
Change Dir: /home/ctai/catkin_ws2/build/motoman_msgs/CMakeFiles/CMakeTmp

Run Build Command:"/usr/bin/make" "cmTryCompileExec2808824999/fast"
/usr/bin/make -f CMakeFiles/cmTryCompileExec2808824999.dir/build.make CMakeFiles/cmTryCompileExec2808824999.dir/build
make[1]: Entering directory '/home/ctai/catkin_ws2/build/motoman_msgs/CMakeFiles/CMakeTmp'
/usr/local/bin/cmake -E cmake_progress_report /home/ctai/catkin_ws2/build/motoman_msgs/CMakeFiles/CMakeTmp/CMakeFiles 1
Building C object CMakeFiles/cmTryCompileExec2808824999.dir/CheckFunctionExists.c.o
/usr/bin/cc   -DCHECK_FUNCTION_EXISTS=pthread_create   -o CMakeFiles/cmTryCompileExec2808824999.dir/CheckFunctionExists.c.o   -c /usr/local/share/cmake-3.2/Modules/CheckFunctionExists.c
Linking C executable cmTryCompileExec2808824999
/usr/local/bin/cmake -E cmake_link_script CMakeFiles/cmTryCompileExec2808824999.dir/link.txt --verbose=1
/usr/bin/cc   -DCHECK_FUNCTION_EXISTS=pthread_create    CMakeFiles/cmTryCompileExec2808824999.dir/CheckFunctionExists.c.o  -o cmTryCompileExec2808824999 -rdynamic -lpthreads 
/usr/bin/ld: cannot find -lpthreads
collect2: error: ld returned 1 exit status
CMakeFiles/cmTryCompileExec2808824999.dir/build.make:88: recipe for target 'cmTryCompileExec2808824999' failed
make[1]: *** [cmTryCompileExec2808824999] Error 1
make[1]: Leaving directory '/home/ctai/catkin_ws2/build/motoman_msgs/CMakeFiles/CMakeTmp'
Makefile:117: recipe for target 'cmTryCompileExec2808824999/fast' failed
make: *** [cmTryCompileExec2808824999/fast] Error 2


