Determining if the pthread_create exist failed with the following output:
Change Dir: /home/ctai/catkin_ws2/build/motoman_driver/CMakeFiles/CMakeTmp

Run Build Command:"/usr/bin/make" "cmTryCompileExec2590969038/fast"
/usr/bin/make -f CMakeFiles/cmTryCompileExec2590969038.dir/build.make CMakeFiles/cmTryCompileExec2590969038.dir/build
make[1]: Entering directory '/home/ctai/catkin_ws2/build/motoman_driver/CMakeFiles/CMakeTmp'
/usr/local/bin/cmake -E cmake_progress_report /home/ctai/catkin_ws2/build/motoman_driver/CMakeFiles/CMakeTmp/CMakeFiles 1
Building C object CMakeFiles/cmTryCompileExec2590969038.dir/CheckSymbolExists.c.o
/usr/bin/cc    -o CMakeFiles/cmTryCompileExec2590969038.dir/CheckSymbolExists.c.o   -c /home/ctai/catkin_ws2/build/motoman_driver/CMakeFiles/CMakeTmp/CheckSymbolExists.c
Linking C executable cmTryCompileExec2590969038
/usr/local/bin/cmake -E cmake_link_script CMakeFiles/cmTryCompileExec2590969038.dir/link.txt --verbose=1
/usr/bin/cc       CMakeFiles/cmTryCompileExec2590969038.dir/CheckSymbolExists.c.o  -o cmTryCompileExec2590969038 -rdynamic 
CMakeFiles/cmTryCompileExec2590969038.dir/CheckSymbolExists.c.o: In function `main':
CheckSymbolExists.c:(.text+0x16): undefined reference to `pthread_create'
collect2: error: ld returned 1 exit status
CMakeFiles/cmTryCompileExec2590969038.dir/build.make:88: recipe for target 'cmTryCompileExec2590969038' failed
make[1]: *** [cmTryCompileExec2590969038] Error 1
make[1]: Leaving directory '/home/ctai/catkin_ws2/build/motoman_driver/CMakeFiles/CMakeTmp'
Makefile:117: recipe for target 'cmTryCompileExec2590969038/fast' failed
make: *** [cmTryCompileExec2590969038/fast] Error 2

File /home/ctai/catkin_ws2/build/motoman_driver/CMakeFiles/CMakeTmp/CheckSymbolExists.c:
/* */
#include <pthread.h>

int main(int argc, char** argv)
{
  (void)argv;
#ifndef pthread_create
  return ((int*)(&pthread_create))[argc];
#else
  (void)argc;
  return 0;
#endif
}

Determining if the function pthread_create exists in the pthreads failed with the following output:
Change Dir: /home/ctai/catkin_ws2/build/motoman_driver/CMakeFiles/CMakeTmp

Run Build Command:"/usr/bin/make" "cmTryCompileExec3861456662/fast"
/usr/bin/make -f CMakeFiles/cmTryCompileExec3861456662.dir/build.make CMakeFiles/cmTryCompileExec3861456662.dir/build
make[1]: Entering directory '/home/ctai/catkin_ws2/build/motoman_driver/CMakeFiles/CMakeTmp'
/usr/local/bin/cmake -E cmake_progress_report /home/ctai/catkin_ws2/build/motoman_driver/CMakeFiles/CMakeTmp/CMakeFiles 1
Building C object CMakeFiles/cmTryCompileExec3861456662.dir/CheckFunctionExists.c.o
/usr/bin/cc   -DCHECK_FUNCTION_EXISTS=pthread_create   -o CMakeFiles/cmTryCompileExec3861456662.dir/CheckFunctionExists.c.o   -c /usr/local/share/cmake-3.2/Modules/CheckFunctionExists.c
Linking C executable cmTryCompileExec3861456662
/usr/local/bin/cmake -E cmake_link_script CMakeFiles/cmTryCompileExec3861456662.dir/link.txt --verbose=1
/usr/bin/cc   -DCHECK_FUNCTION_EXISTS=pthread_create    CMakeFiles/cmTryCompileExec3861456662.dir/CheckFunctionExists.c.o  -o cmTryCompileExec3861456662 -rdynamic -lpthreads 
/usr/bin/ld: cannot find -lpthreads
collect2: error: ld returned 1 exit status
CMakeFiles/cmTryCompileExec3861456662.dir/build.make:88: recipe for target 'cmTryCompileExec3861456662' failed
make[1]: *** [cmTryCompileExec3861456662] Error 1
make[1]: Leaving directory '/home/ctai/catkin_ws2/build/motoman_driver/CMakeFiles/CMakeTmp'
Makefile:117: recipe for target 'cmTryCompileExec3861456662/fast' failed
make: *** [cmTryCompileExec3861456662/fast] Error 2


