Determining if the pthread_create exist failed with the following output:
Change Dir: /home/ctai/catkin_ws2/build/moveit_config/CMakeFiles/CMakeTmp

Run Build Command:"/usr/bin/make" "cmTryCompileExec2350419967/fast"
/usr/bin/make -f CMakeFiles/cmTryCompileExec2350419967.dir/build.make CMakeFiles/cmTryCompileExec2350419967.dir/build
make[1]: Entering directory '/home/ctai/catkin_ws2/build/moveit_config/CMakeFiles/CMakeTmp'
/usr/local/bin/cmake -E cmake_progress_report /home/ctai/catkin_ws2/build/moveit_config/CMakeFiles/CMakeTmp/CMakeFiles 1
Building C object CMakeFiles/cmTryCompileExec2350419967.dir/CheckSymbolExists.c.o
/usr/bin/cc    -o CMakeFiles/cmTryCompileExec2350419967.dir/CheckSymbolExists.c.o   -c /home/ctai/catkin_ws2/build/moveit_config/CMakeFiles/CMakeTmp/CheckSymbolExists.c
Linking C executable cmTryCompileExec2350419967
/usr/local/bin/cmake -E cmake_link_script CMakeFiles/cmTryCompileExec2350419967.dir/link.txt --verbose=1
/usr/bin/cc       CMakeFiles/cmTryCompileExec2350419967.dir/CheckSymbolExists.c.o  -o cmTryCompileExec2350419967 -rdynamic 
CMakeFiles/cmTryCompileExec2350419967.dir/CheckSymbolExists.c.o: In function `main':
CheckSymbolExists.c:(.text+0x16): undefined reference to `pthread_create'
collect2: error: ld returned 1 exit status
CMakeFiles/cmTryCompileExec2350419967.dir/build.make:88: recipe for target 'cmTryCompileExec2350419967' failed
make[1]: *** [cmTryCompileExec2350419967] Error 1
make[1]: Leaving directory '/home/ctai/catkin_ws2/build/moveit_config/CMakeFiles/CMakeTmp'
Makefile:117: recipe for target 'cmTryCompileExec2350419967/fast' failed
make: *** [cmTryCompileExec2350419967/fast] Error 2

File /home/ctai/catkin_ws2/build/moveit_config/CMakeFiles/CMakeTmp/CheckSymbolExists.c:
/* */
#include <pthread.h>

int main(int argc, char** argv)
{
  (void)argv;
#ifndef pthread_create
  return ((int*)(&pthread_create))[argc];
#else
  (void)argc;
  return 0;
#endif
}

Determining if the function pthread_create exists in the pthreads failed with the following output:
Change Dir: /home/ctai/catkin_ws2/build/moveit_config/CMakeFiles/CMakeTmp

Run Build Command:"/usr/bin/make" "cmTryCompileExec3046555266/fast"
/usr/bin/make -f CMakeFiles/cmTryCompileExec3046555266.dir/build.make CMakeFiles/cmTryCompileExec3046555266.dir/build
make[1]: Entering directory '/home/ctai/catkin_ws2/build/moveit_config/CMakeFiles/CMakeTmp'
/usr/local/bin/cmake -E cmake_progress_report /home/ctai/catkin_ws2/build/moveit_config/CMakeFiles/CMakeTmp/CMakeFiles 1
Building C object CMakeFiles/cmTryCompileExec3046555266.dir/CheckFunctionExists.c.o
/usr/bin/cc   -DCHECK_FUNCTION_EXISTS=pthread_create   -o CMakeFiles/cmTryCompileExec3046555266.dir/CheckFunctionExists.c.o   -c /usr/local/share/cmake-3.2/Modules/CheckFunctionExists.c
Linking C executable cmTryCompileExec3046555266
/usr/local/bin/cmake -E cmake_link_script CMakeFiles/cmTryCompileExec3046555266.dir/link.txt --verbose=1
/usr/bin/cc   -DCHECK_FUNCTION_EXISTS=pthread_create    CMakeFiles/cmTryCompileExec3046555266.dir/CheckFunctionExists.c.o  -o cmTryCompileExec3046555266 -rdynamic -lpthreads 
/usr/bin/ld: cannot find -lpthreads
collect2: error: ld returned 1 exit status
CMakeFiles/cmTryCompileExec3046555266.dir/build.make:88: recipe for target 'cmTryCompileExec3046555266' failed
make[1]: *** [cmTryCompileExec3046555266] Error 1
make[1]: Leaving directory '/home/ctai/catkin_ws2/build/moveit_config/CMakeFiles/CMakeTmp'
Makefile:117: recipe for target 'cmTryCompileExec3046555266/fast' failed
make: *** [cmTryCompileExec3046555266/fast] Error 2


