Determining if the pthread_create exist failed with the following output:
Change Dir: /home/ctai/catkin_ws2/build/openni_description/CMakeFiles/CMakeTmp

Run Build Command:"/usr/bin/make" "cmTryCompileExec1811695329/fast"
/usr/bin/make -f CMakeFiles/cmTryCompileExec1811695329.dir/build.make CMakeFiles/cmTryCompileExec1811695329.dir/build
make[1]: Entering directory '/home/ctai/catkin_ws2/build/openni_description/CMakeFiles/CMakeTmp'
/usr/local/bin/cmake -E cmake_progress_report /home/ctai/catkin_ws2/build/openni_description/CMakeFiles/CMakeTmp/CMakeFiles 1
Building C object CMakeFiles/cmTryCompileExec1811695329.dir/CheckSymbolExists.c.o
/usr/bin/cc    -o CMakeFiles/cmTryCompileExec1811695329.dir/CheckSymbolExists.c.o   -c /home/ctai/catkin_ws2/build/openni_description/CMakeFiles/CMakeTmp/CheckSymbolExists.c
Linking C executable cmTryCompileExec1811695329
/usr/local/bin/cmake -E cmake_link_script CMakeFiles/cmTryCompileExec1811695329.dir/link.txt --verbose=1
/usr/bin/cc       CMakeFiles/cmTryCompileExec1811695329.dir/CheckSymbolExists.c.o  -o cmTryCompileExec1811695329 -rdynamic 
CMakeFiles/cmTryCompileExec1811695329.dir/CheckSymbolExists.c.o: In function `main':
CheckSymbolExists.c:(.text+0x16): undefined reference to `pthread_create'
CMakeFiles/cmTryCompileExec1811695329.dir/build.make:88: recipe for target 'cmTryCompileExec1811695329' failed
make[1]: Leaving directory '/home/ctai/catkin_ws2/build/openni_description/CMakeFiles/CMakeTmp'
collect2: error: ld returned 1 exit status
make[1]: *** [cmTryCompileExec1811695329] Error 1
Makefile:117: recipe for target 'cmTryCompileExec1811695329/fast' failed
make: *** [cmTryCompileExec1811695329/fast] Error 2

File /home/ctai/catkin_ws2/build/openni_description/CMakeFiles/CMakeTmp/CheckSymbolExists.c:
/* */
#include <pthread.h>

int main(int argc, char** argv)
{
  (void)argv;
#ifndef pthread_create
  return ((int*)(&pthread_create))[argc];
#else
  (void)argc;
  return 0;
#endif
}

Determining if the function pthread_create exists in the pthreads failed with the following output:
Change Dir: /home/ctai/catkin_ws2/build/openni_description/CMakeFiles/CMakeTmp

Run Build Command:"/usr/bin/make" "cmTryCompileExec2769696220/fast"
/usr/bin/make -f CMakeFiles/cmTryCompileExec2769696220.dir/build.make CMakeFiles/cmTryCompileExec2769696220.dir/build
make[1]: Entering directory '/home/ctai/catkin_ws2/build/openni_description/CMakeFiles/CMakeTmp'
/usr/local/bin/cmake -E cmake_progress_report /home/ctai/catkin_ws2/build/openni_description/CMakeFiles/CMakeTmp/CMakeFiles 1
Building C object CMakeFiles/cmTryCompileExec2769696220.dir/CheckFunctionExists.c.o
/usr/bin/cc   -DCHECK_FUNCTION_EXISTS=pthread_create   -o CMakeFiles/cmTryCompileExec2769696220.dir/CheckFunctionExists.c.o   -c /usr/local/share/cmake-3.2/Modules/CheckFunctionExists.c
Linking C executable cmTryCompileExec2769696220
/usr/local/bin/cmake -E cmake_link_script CMakeFiles/cmTryCompileExec2769696220.dir/link.txt --verbose=1
/usr/bin/cc   -DCHECK_FUNCTION_EXISTS=pthread_create    CMakeFiles/cmTryCompileExec2769696220.dir/CheckFunctionExists.c.o  -o cmTryCompileExec2769696220 -rdynamic -lpthreads 
/usr/bin/ld: cannot find -lpthreads
collect2: error: ld returned 1 exit status
CMakeFiles/cmTryCompileExec2769696220.dir/build.make:88: recipe for target 'cmTryCompileExec2769696220' failed
make[1]: Leaving directory '/home/ctai/catkin_ws2/build/openni_description/CMakeFiles/CMakeTmp'
make[1]: *** [cmTryCompileExec2769696220] Error 1
Makefile:117: recipe for target 'cmTryCompileExec2769696220/fast' failed
make: *** [cmTryCompileExec2769696220/fast] Error 2


