Determining if the pthread_create exist failed with the following output:
Change Dir: /home/ctai/catkin_ws2/build/industrial_extrinsic_cal/CMakeFiles/CMakeTmp

Run Build Command:"/usr/bin/make" "cmTryCompileExec3806220289/fast"
/usr/bin/make -f CMakeFiles/cmTryCompileExec3806220289.dir/build.make CMakeFiles/cmTryCompileExec3806220289.dir/build
make[1]: Entering directory '/home/ctai/catkin_ws2/build/industrial_extrinsic_cal/CMakeFiles/CMakeTmp'
/usr/local/bin/cmake -E cmake_progress_report /home/ctai/catkin_ws2/build/industrial_extrinsic_cal/CMakeFiles/CMakeTmp/CMakeFiles 1
Building C object CMakeFiles/cmTryCompileExec3806220289.dir/CheckSymbolExists.c.o
/usr/bin/cc    -o CMakeFiles/cmTryCompileExec3806220289.dir/CheckSymbolExists.c.o   -c /home/ctai/catkin_ws2/build/industrial_extrinsic_cal/CMakeFiles/CMakeTmp/CheckSymbolExists.c
Linking C executable cmTryCompileExec3806220289
/usr/local/bin/cmake -E cmake_link_script CMakeFiles/cmTryCompileExec3806220289.dir/link.txt --verbose=1
/usr/bin/cc       CMakeFiles/cmTryCompileExec3806220289.dir/CheckSymbolExists.c.o  -o cmTryCompileExec3806220289 -rdynamic 
CMakeFiles/cmTryCompileExec3806220289.dir/CheckSymbolExists.c.o: In function `main':
CheckSymbolExists.c:(.text+0x16): undefined reference to `pthread_create'
collect2: error: ld returned 1 exit status
CMakeFiles/cmTryCompileExec3806220289.dir/build.make:88: recipe for target 'cmTryCompileExec3806220289' failed
make[1]: *** [cmTryCompileExec3806220289] Error 1
make[1]: Leaving directory '/home/ctai/catkin_ws2/build/industrial_extrinsic_cal/CMakeFiles/CMakeTmp'
Makefile:117: recipe for target 'cmTryCompileExec3806220289/fast' failed
make: *** [cmTryCompileExec3806220289/fast] Error 2

File /home/ctai/catkin_ws2/build/industrial_extrinsic_cal/CMakeFiles/CMakeTmp/CheckSymbolExists.c:
/* */
#include <pthread.h>

int main(int argc, char** argv)
{
  (void)argv;
#ifndef pthread_create
  return ((int*)(&pthread_create))[argc];
#else
  (void)argc;
  return 0;
#endif
}

Determining if the function pthread_create exists in the pthreads failed with the following output:
Change Dir: /home/ctai/catkin_ws2/build/industrial_extrinsic_cal/CMakeFiles/CMakeTmp

Run Build Command:"/usr/bin/make" "cmTryCompileExec764223309/fast"
/usr/bin/make -f CMakeFiles/cmTryCompileExec764223309.dir/build.make CMakeFiles/cmTryCompileExec764223309.dir/build
make[1]: Entering directory '/home/ctai/catkin_ws2/build/industrial_extrinsic_cal/CMakeFiles/CMakeTmp'
/usr/local/bin/cmake -E cmake_progress_report /home/ctai/catkin_ws2/build/industrial_extrinsic_cal/CMakeFiles/CMakeTmp/CMakeFiles 1
Building C object CMakeFiles/cmTryCompileExec764223309.dir/CheckFunctionExists.c.o
/usr/bin/cc   -DCHECK_FUNCTION_EXISTS=pthread_create   -o CMakeFiles/cmTryCompileExec764223309.dir/CheckFunctionExists.c.o   -c /usr/local/share/cmake-3.2/Modules/CheckFunctionExists.c
Linking C executable cmTryCompileExec764223309
/usr/local/bin/cmake -E cmake_link_script CMakeFiles/cmTryCompileExec764223309.dir/link.txt --verbose=1
/usr/bin/cc   -DCHECK_FUNCTION_EXISTS=pthread_create    CMakeFiles/cmTryCompileExec764223309.dir/CheckFunctionExists.c.o  -o cmTryCompileExec764223309 -rdynamic -lpthreads 
/usr/bin/ld: cannot find -lpthreads
collect2: error: ld returned 1 exit status
CMakeFiles/cmTryCompileExec764223309.dir/build.make:88: recipe for target 'cmTryCompileExec764223309' failed
make[1]: *** [cmTryCompileExec764223309] Error 1
make[1]: Leaving directory '/home/ctai/catkin_ws2/build/industrial_extrinsic_cal/CMakeFiles/CMakeTmp'
Makefile:117: recipe for target 'cmTryCompileExec764223309/fast' failed
make: *** [cmTryCompileExec764223309/fast] Error 2


