Determining if the pthread_create exist failed with the following output:
Change Dir: /home/ctai/catkin_ws2/build/vision/CMakeFiles/CMakeTmp

Run Build Command:"/usr/bin/make" "cmTryCompileExec4138099520/fast"
/usr/bin/make -f CMakeFiles/cmTryCompileExec4138099520.dir/build.make CMakeFiles/cmTryCompileExec4138099520.dir/build
make[1]: Entering directory '/home/ctai/catkin_ws2/build/vision/CMakeFiles/CMakeTmp'
/usr/local/bin/cmake -E cmake_progress_report /home/ctai/catkin_ws2/build/vision/CMakeFiles/CMakeTmp/CMakeFiles 1
Building C object CMakeFiles/cmTryCompileExec4138099520.dir/CheckSymbolExists.c.o
/usr/bin/cc    -o CMakeFiles/cmTryCompileExec4138099520.dir/CheckSymbolExists.c.o   -c /home/ctai/catkin_ws2/build/vision/CMakeFiles/CMakeTmp/CheckSymbolExists.c
Linking C executable cmTryCompileExec4138099520
/usr/local/bin/cmake -E cmake_link_script CMakeFiles/cmTryCompileExec4138099520.dir/link.txt --verbose=1
/usr/bin/cc       CMakeFiles/cmTryCompileExec4138099520.dir/CheckSymbolExists.c.o  -o cmTryCompileExec4138099520 -rdynamic 
CMakeFiles/cmTryCompileExec4138099520.dir/CheckSymbolExists.c.o: In function `main':
CheckSymbolExists.c:(.text+0x16): undefined reference to `pthread_create'
collect2: error: ld returned 1 exit status
CMakeFiles/cmTryCompileExec4138099520.dir/build.make:88: recipe for target 'cmTryCompileExec4138099520' failed
make[1]: Leaving directory '/home/ctai/catkin_ws2/build/vision/CMakeFiles/CMakeTmp'
Makefile:117: recipe for target 'cmTryCompileExec4138099520/fast' failed
make[1]: *** [cmTryCompileExec4138099520] Error 1
make: *** [cmTryCompileExec4138099520/fast] Error 2

File /home/ctai/catkin_ws2/build/vision/CMakeFiles/CMakeTmp/CheckSymbolExists.c:
/* */
#include <pthread.h>

int main(int argc, char** argv)
{
  (void)argv;
#ifndef pthread_create
  return ((int*)(&pthread_create))[argc];
#else
  (void)argc;
  return 0;
#endif
}

Determining if the function pthread_create exists in the pthreads failed with the following output:
Change Dir: /home/ctai/catkin_ws2/build/vision/CMakeFiles/CMakeTmp

Run Build Command:"/usr/bin/make" "cmTryCompileExec2379190710/fast"
/usr/bin/make -f CMakeFiles/cmTryCompileExec2379190710.dir/build.make CMakeFiles/cmTryCompileExec2379190710.dir/build
make[1]: Entering directory '/home/ctai/catkin_ws2/build/vision/CMakeFiles/CMakeTmp'
/usr/local/bin/cmake -E cmake_progress_report /home/ctai/catkin_ws2/build/vision/CMakeFiles/CMakeTmp/CMakeFiles 1
Building C object CMakeFiles/cmTryCompileExec2379190710.dir/CheckFunctionExists.c.o
/usr/bin/cc   -DCHECK_FUNCTION_EXISTS=pthread_create   -o CMakeFiles/cmTryCompileExec2379190710.dir/CheckFunctionExists.c.o   -c /usr/local/share/cmake-3.2/Modules/CheckFunctionExists.c
Linking C executable cmTryCompileExec2379190710
/usr/local/bin/cmake -E cmake_link_script CMakeFiles/cmTryCompileExec2379190710.dir/link.txt --verbose=1
/usr/bin/cc   -DCHECK_FUNCTION_EXISTS=pthread_create    CMakeFiles/cmTryCompileExec2379190710.dir/CheckFunctionExists.c.o  -o cmTryCompileExec2379190710 -rdynamic -lpthreads 
/usr/bin/ld: cannot find -lpthreads
collect2: error: ld returned 1 exit status
CMakeFiles/cmTryCompileExec2379190710.dir/build.make:88: recipe for target 'cmTryCompileExec2379190710' failed
make[1]: Leaving directory '/home/ctai/catkin_ws2/build/vision/CMakeFiles/CMakeTmp'
make[1]: *** [cmTryCompileExec2379190710] Error 1
Makefile:117: recipe for target 'cmTryCompileExec2379190710/fast' failed
make: *** [cmTryCompileExec2379190710/fast] Error 2


