Determining if the pthread_create exist failed with the following output:
Change Dir: /home/ctai/catkin_ws2/build/opencv_tests/CMakeFiles/CMakeTmp

Run Build Command:"/usr/bin/make" "cmTryCompileExec869031443/fast"
/usr/bin/make -f CMakeFiles/cmTryCompileExec869031443.dir/build.make CMakeFiles/cmTryCompileExec869031443.dir/build
make[1]: Entering directory '/home/ctai/catkin_ws2/build/opencv_tests/CMakeFiles/CMakeTmp'
/usr/local/bin/cmake -E cmake_progress_report /home/ctai/catkin_ws2/build/opencv_tests/CMakeFiles/CMakeTmp/CMakeFiles 1
Building C object CMakeFiles/cmTryCompileExec869031443.dir/CheckSymbolExists.c.o
/usr/bin/cc    -o CMakeFiles/cmTryCompileExec869031443.dir/CheckSymbolExists.c.o   -c /home/ctai/catkin_ws2/build/opencv_tests/CMakeFiles/CMakeTmp/CheckSymbolExists.c
Linking C executable cmTryCompileExec869031443
/usr/local/bin/cmake -E cmake_link_script CMakeFiles/cmTryCompileExec869031443.dir/link.txt --verbose=1
/usr/bin/cc       CMakeFiles/cmTryCompileExec869031443.dir/CheckSymbolExists.c.o  -o cmTryCompileExec869031443 -rdynamic 
CMakeFiles/cmTryCompileExec869031443.dir/CheckSymbolExists.c.o: In function `main':
CheckSymbolExists.c:(.text+0x16): undefined reference to `pthread_create'
collect2: error: ld returned 1 exit status
CMakeFiles/cmTryCompileExec869031443.dir/build.make:88: recipe for target 'cmTryCompileExec869031443' failed
make[1]: Leaving directory '/home/ctai/catkin_ws2/build/opencv_tests/CMakeFiles/CMakeTmp'
make[1]: *** [cmTryCompileExec869031443] Error 1
Makefile:117: recipe for target 'cmTryCompileExec869031443/fast' failed
make: *** [cmTryCompileExec869031443/fast] Error 2

File /home/ctai/catkin_ws2/build/opencv_tests/CMakeFiles/CMakeTmp/CheckSymbolExists.c:
/* */
#include <pthread.h>

int main(int argc, char** argv)
{
  (void)argv;
#ifndef pthread_create
  return ((int*)(&pthread_create))[argc];
#else
  (void)argc;
  return 0;
#endif
}

Determining if the function pthread_create exists in the pthreads failed with the following output:
Change Dir: /home/ctai/catkin_ws2/build/opencv_tests/CMakeFiles/CMakeTmp

Run Build Command:"/usr/bin/make" "cmTryCompileExec634329855/fast"
/usr/bin/make -f CMakeFiles/cmTryCompileExec634329855.dir/build.make CMakeFiles/cmTryCompileExec634329855.dir/build
make[1]: Entering directory '/home/ctai/catkin_ws2/build/opencv_tests/CMakeFiles/CMakeTmp'
/usr/local/bin/cmake -E cmake_progress_report /home/ctai/catkin_ws2/build/opencv_tests/CMakeFiles/CMakeTmp/CMakeFiles 1
Building C object CMakeFiles/cmTryCompileExec634329855.dir/CheckFunctionExists.c.o
/usr/bin/cc   -DCHECK_FUNCTION_EXISTS=pthread_create   -o CMakeFiles/cmTryCompileExec634329855.dir/CheckFunctionExists.c.o   -c /usr/local/share/cmake-3.2/Modules/CheckFunctionExists.c
Linking C executable cmTryCompileExec634329855
/usr/local/bin/cmake -E cmake_link_script CMakeFiles/cmTryCompileExec634329855.dir/link.txt --verbose=1
/usr/bin/cc   -DCHECK_FUNCTION_EXISTS=pthread_create    CMakeFiles/cmTryCompileExec634329855.dir/CheckFunctionExists.c.o  -o cmTryCompileExec634329855 -rdynamic -lpthreads 
/usr/bin/ld: cannot find -lpthreads
collect2: error: ld returned 1 exit status
CMakeFiles/cmTryCompileExec634329855.dir/build.make:88: recipe for target 'cmTryCompileExec634329855' failed
make[1]: Leaving directory '/home/ctai/catkin_ws2/build/opencv_tests/CMakeFiles/CMakeTmp'
make[1]: *** [cmTryCompileExec634329855] Error 1
Makefile:117: recipe for target 'cmTryCompileExec634329855/fast' failed
make: *** [cmTryCompileExec634329855/fast] Error 2


