Determining if the pthread_create exist failed with the following output:
Change Dir: /home/ctai/catkin_ws2/build/ind_cal_multi_camera/CMakeFiles/CMakeTmp

Run Build Command:"/usr/bin/make" "cmTryCompileExec136565940/fast"
/usr/bin/make -f CMakeFiles/cmTryCompileExec136565940.dir/build.make CMakeFiles/cmTryCompileExec136565940.dir/build
make[1]: Entering directory '/home/ctai/catkin_ws2/build/ind_cal_multi_camera/CMakeFiles/CMakeTmp'
/usr/local/bin/cmake -E cmake_progress_report /home/ctai/catkin_ws2/build/ind_cal_multi_camera/CMakeFiles/CMakeTmp/CMakeFiles 1
Building C object CMakeFiles/cmTryCompileExec136565940.dir/CheckSymbolExists.c.o
/usr/bin/cc    -o CMakeFiles/cmTryCompileExec136565940.dir/CheckSymbolExists.c.o   -c /home/ctai/catkin_ws2/build/ind_cal_multi_camera/CMakeFiles/CMakeTmp/CheckSymbolExists.c
Linking C executable cmTryCompileExec136565940
/usr/local/bin/cmake -E cmake_link_script CMakeFiles/cmTryCompileExec136565940.dir/link.txt --verbose=1
/usr/bin/cc       CMakeFiles/cmTryCompileExec136565940.dir/CheckSymbolExists.c.o  -o cmTryCompileExec136565940 -rdynamic 
CMakeFiles/cmTryCompileExec136565940.dir/CheckSymbolExists.c.o: In function `main':
CheckSymbolExists.c:(.text+0x16): undefined reference to `pthread_create'
collect2: error: ld returned 1 exit status
CMakeFiles/cmTryCompileExec136565940.dir/build.make:88: recipe for target 'cmTryCompileExec136565940' failed
make[1]: *** [cmTryCompileExec136565940] Error 1
make[1]: Leaving directory '/home/ctai/catkin_ws2/build/ind_cal_multi_camera/CMakeFiles/CMakeTmp'
Makefile:117: recipe for target 'cmTryCompileExec136565940/fast' failed
make: *** [cmTryCompileExec136565940/fast] Error 2

File /home/ctai/catkin_ws2/build/ind_cal_multi_camera/CMakeFiles/CMakeTmp/CheckSymbolExists.c:
/* */
#include <pthread.h>

int main(int argc, char** argv)
{
  (void)argv;
#ifndef pthread_create
  return ((int*)(&pthread_create))[argc];
#else
  (void)argc;
  return 0;
#endif
}

Determining if the function pthread_create exists in the pthreads failed with the following output:
Change Dir: /home/ctai/catkin_ws2/build/ind_cal_multi_camera/CMakeFiles/CMakeTmp

Run Build Command:"/usr/bin/make" "cmTryCompileExec3309158750/fast"
/usr/bin/make -f CMakeFiles/cmTryCompileExec3309158750.dir/build.make CMakeFiles/cmTryCompileExec3309158750.dir/build
make[1]: Entering directory '/home/ctai/catkin_ws2/build/ind_cal_multi_camera/CMakeFiles/CMakeTmp'
/usr/local/bin/cmake -E cmake_progress_report /home/ctai/catkin_ws2/build/ind_cal_multi_camera/CMakeFiles/CMakeTmp/CMakeFiles 1
Building C object CMakeFiles/cmTryCompileExec3309158750.dir/CheckFunctionExists.c.o
/usr/bin/cc   -DCHECK_FUNCTION_EXISTS=pthread_create   -o CMakeFiles/cmTryCompileExec3309158750.dir/CheckFunctionExists.c.o   -c /usr/local/share/cmake-3.2/Modules/CheckFunctionExists.c
Linking C executable cmTryCompileExec3309158750
/usr/local/bin/cmake -E cmake_link_script CMakeFiles/cmTryCompileExec3309158750.dir/link.txt --verbose=1
/usr/bin/cc   -DCHECK_FUNCTION_EXISTS=pthread_create    CMakeFiles/cmTryCompileExec3309158750.dir/CheckFunctionExists.c.o  -o cmTryCompileExec3309158750 -rdynamic -lpthreads 
/usr/bin/ld: cannot find -lpthreads
collect2: error: ld returned 1 exit status
CMakeFiles/cmTryCompileExec3309158750.dir/build.make:88: recipe for target 'cmTryCompileExec3309158750' failed
make[1]: *** [cmTryCompileExec3309158750] Error 1
make[1]: Leaving directory '/home/ctai/catkin_ws2/build/ind_cal_multi_camera/CMakeFiles/CMakeTmp'
Makefile:117: recipe for target 'cmTryCompileExec3309158750/fast' failed
make: *** [cmTryCompileExec3309158750/fast] Error 2


