Determining if the pthread_create exist failed with the following output:
Change Dir: /home/ctai/catkin_ws2/build/cv_bridge/CMakeFiles/CMakeTmp

Run Build Command:"/usr/bin/make" "cmTryCompileExec60105715/fast"
/usr/bin/make -f CMakeFiles/cmTryCompileExec60105715.dir/build.make CMakeFiles/cmTryCompileExec60105715.dir/build
make[1]: Entering directory '/home/ctai/catkin_ws2/build/cv_bridge/CMakeFiles/CMakeTmp'
/usr/local/bin/cmake -E cmake_progress_report /home/ctai/catkin_ws2/build/cv_bridge/CMakeFiles/CMakeTmp/CMakeFiles 1
Building C object CMakeFiles/cmTryCompileExec60105715.dir/CheckSymbolExists.c.o
/usr/bin/cc    -o CMakeFiles/cmTryCompileExec60105715.dir/CheckSymbolExists.c.o   -c /home/ctai/catkin_ws2/build/cv_bridge/CMakeFiles/CMakeTmp/CheckSymbolExists.c
Linking C executable cmTryCompileExec60105715
/usr/local/bin/cmake -E cmake_link_script CMakeFiles/cmTryCompileExec60105715.dir/link.txt --verbose=1
/usr/bin/cc       CMakeFiles/cmTryCompileExec60105715.dir/CheckSymbolExists.c.o  -o cmTryCompileExec60105715 -rdynamic 
CMakeFiles/cmTryCompileExec60105715.dir/CheckSymbolExists.c.o: In function `main':
CheckSymbolExists.c:(.text+0x16): undefined reference to `pthread_create'
CMakeFiles/cmTryCompileExec60105715.dir/build.make:88: recipe for target 'cmTryCompileExec60105715' failed
make[1]: Leaving directory '/home/ctai/catkin_ws2/build/cv_bridge/CMakeFiles/CMakeTmp'
collect2: error: ld returned 1 exit status
make[1]: *** [cmTryCompileExec60105715] Error 1
Makefile:117: recipe for target 'cmTryCompileExec60105715/fast' failed
make: *** [cmTryCompileExec60105715/fast] Error 2

File /home/ctai/catkin_ws2/build/cv_bridge/CMakeFiles/CMakeTmp/CheckSymbolExists.c:
/* */
#include <pthread.h>

int main(int argc, char** argv)
{
  (void)argv;
#ifndef pthread_create
  return ((int*)(&pthread_create))[argc];
#else
  (void)argc;
  return 0;
#endif
}

Determining if the function pthread_create exists in the pthreads failed with the following output:
Change Dir: /home/ctai/catkin_ws2/build/cv_bridge/CMakeFiles/CMakeTmp

Run Build Command:"/usr/bin/make" "cmTryCompileExec1549108464/fast"
/usr/bin/make -f CMakeFiles/cmTryCompileExec1549108464.dir/build.make CMakeFiles/cmTryCompileExec1549108464.dir/build
make[1]: Entering directory '/home/ctai/catkin_ws2/build/cv_bridge/CMakeFiles/CMakeTmp'
/usr/local/bin/cmake -E cmake_progress_report /home/ctai/catkin_ws2/build/cv_bridge/CMakeFiles/CMakeTmp/CMakeFiles 1
Building C object CMakeFiles/cmTryCompileExec1549108464.dir/CheckFunctionExists.c.o
/usr/bin/cc   -DCHECK_FUNCTION_EXISTS=pthread_create   -o CMakeFiles/cmTryCompileExec1549108464.dir/CheckFunctionExists.c.o   -c /usr/local/share/cmake-3.2/Modules/CheckFunctionExists.c
Linking C executable cmTryCompileExec1549108464
/usr/local/bin/cmake -E cmake_link_script CMakeFiles/cmTryCompileExec1549108464.dir/link.txt --verbose=1
/usr/bin/cc   -DCHECK_FUNCTION_EXISTS=pthread_create    CMakeFiles/cmTryCompileExec1549108464.dir/CheckFunctionExists.c.o  -o cmTryCompileExec1549108464 -rdynamic -lpthreads 
CMakeFiles/cmTryCompileExec1549108464.dir/build.make:88: recipe for target 'cmTryCompileExec1549108464' failed
make[1]: Leaving directory '/home/ctai/catkin_ws2/build/cv_bridge/CMakeFiles/CMakeTmp'
Makefile:117: recipe for target 'cmTryCompileExec1549108464/fast' failed
/usr/bin/ld: cannot find -lpthreads
collect2: error: ld returned 1 exit status
make[1]: *** [cmTryCompileExec1549108464] Error 1
make: *** [cmTryCompileExec1549108464/fast] Error 2


