Determining if the pthread_create exist failed with the following output:
Change Dir: /home/ctai/catkin_ws2/build/target_finder/CMakeFiles/CMakeTmp

Run Build Command:"/usr/bin/make" "cmTryCompileExec3090786061/fast"
/usr/bin/make -f CMakeFiles/cmTryCompileExec3090786061.dir/build.make CMakeFiles/cmTryCompileExec3090786061.dir/build
make[1]: Entering directory '/home/ctai/catkin_ws2/build/target_finder/CMakeFiles/CMakeTmp'
/usr/local/bin/cmake -E cmake_progress_report /home/ctai/catkin_ws2/build/target_finder/CMakeFiles/CMakeTmp/CMakeFiles 1
Building C object CMakeFiles/cmTryCompileExec3090786061.dir/CheckSymbolExists.c.o
/usr/bin/cc    -o CMakeFiles/cmTryCompileExec3090786061.dir/CheckSymbolExists.c.o   -c /home/ctai/catkin_ws2/build/target_finder/CMakeFiles/CMakeTmp/CheckSymbolExists.c
Linking C executable cmTryCompileExec3090786061
/usr/local/bin/cmake -E cmake_link_script CMakeFiles/cmTryCompileExec3090786061.dir/link.txt --verbose=1
/usr/bin/cc       CMakeFiles/cmTryCompileExec3090786061.dir/CheckSymbolExists.c.o  -o cmTryCompileExec3090786061 -rdynamic 
CMakeFiles/cmTryCompileExec3090786061.dir/CheckSymbolExists.c.o: In function `main':
CheckSymbolExists.c:(.text+0x16): undefined reference to `pthread_create'
collect2: error: ld returned 1 exit status
CMakeFiles/cmTryCompileExec3090786061.dir/build.make:88: recipe for target 'cmTryCompileExec3090786061' failed
make[1]: *** [cmTryCompileExec3090786061] Error 1
make[1]: Leaving directory '/home/ctai/catkin_ws2/build/target_finder/CMakeFiles/CMakeTmp'
Makefile:117: recipe for target 'cmTryCompileExec3090786061/fast' failed
make: *** [cmTryCompileExec3090786061/fast] Error 2

File /home/ctai/catkin_ws2/build/target_finder/CMakeFiles/CMakeTmp/CheckSymbolExists.c:
/* */
#include <pthread.h>

int main(int argc, char** argv)
{
  (void)argv;
#ifndef pthread_create
  return ((int*)(&pthread_create))[argc];
#else
  (void)argc;
  return 0;
#endif
}

Determining if the function pthread_create exists in the pthreads failed with the following output:
Change Dir: /home/ctai/catkin_ws2/build/target_finder/CMakeFiles/CMakeTmp

Run Build Command:"/usr/bin/make" "cmTryCompileExec1641790039/fast"
/usr/bin/make -f CMakeFiles/cmTryCompileExec1641790039.dir/build.make CMakeFiles/cmTryCompileExec1641790039.dir/build
make[1]: Entering directory '/home/ctai/catkin_ws2/build/target_finder/CMakeFiles/CMakeTmp'
/usr/local/bin/cmake -E cmake_progress_report /home/ctai/catkin_ws2/build/target_finder/CMakeFiles/CMakeTmp/CMakeFiles 1
Building C object CMakeFiles/cmTryCompileExec1641790039.dir/CheckFunctionExists.c.o
/usr/bin/cc   -DCHECK_FUNCTION_EXISTS=pthread_create   -o CMakeFiles/cmTryCompileExec1641790039.dir/CheckFunctionExists.c.o   -c /usr/local/share/cmake-3.2/Modules/CheckFunctionExists.c
Linking C executable cmTryCompileExec1641790039
/usr/local/bin/cmake -E cmake_link_script CMakeFiles/cmTryCompileExec1641790039.dir/link.txt --verbose=1
/usr/bin/cc   -DCHECK_FUNCTION_EXISTS=pthread_create    CMakeFiles/cmTryCompileExec1641790039.dir/CheckFunctionExists.c.o  -o cmTryCompileExec1641790039 -rdynamic -lpthreads 
/usr/bin/ld: cannot find -lpthreads
collect2: error: ld returned 1 exit status
CMakeFiles/cmTryCompileExec1641790039.dir/build.make:88: recipe for target 'cmTryCompileExec1641790039' failed
make[1]: *** [cmTryCompileExec1641790039] Error 1
make[1]: Leaving directory '/home/ctai/catkin_ws2/build/target_finder/CMakeFiles/CMakeTmp'
Makefile:117: recipe for target 'cmTryCompileExec1641790039/fast' failed
make: *** [cmTryCompileExec1641790039/fast] Error 2


