Determining if the pthread_create exist failed with the following output:
Change Dir: /home/ctai/catkin_ws2/build/openni_launch/CMakeFiles/CMakeTmp

Run Build Command:"/usr/bin/make" "cmTryCompileExec2672784163/fast"
/usr/bin/make -f CMakeFiles/cmTryCompileExec2672784163.dir/build.make CMakeFiles/cmTryCompileExec2672784163.dir/build
make[1]: Entering directory '/home/ctai/catkin_ws2/build/openni_launch/CMakeFiles/CMakeTmp'
/usr/local/bin/cmake -E cmake_progress_report /home/ctai/catkin_ws2/build/openni_launch/CMakeFiles/CMakeTmp/CMakeFiles 1
Building C object CMakeFiles/cmTryCompileExec2672784163.dir/CheckSymbolExists.c.o
/usr/bin/cc    -o CMakeFiles/cmTryCompileExec2672784163.dir/CheckSymbolExists.c.o   -c /home/ctai/catkin_ws2/build/openni_launch/CMakeFiles/CMakeTmp/CheckSymbolExists.c
Linking C executable cmTryCompileExec2672784163
/usr/local/bin/cmake -E cmake_link_script CMakeFiles/cmTryCompileExec2672784163.dir/link.txt --verbose=1
/usr/bin/cc       CMakeFiles/cmTryCompileExec2672784163.dir/CheckSymbolExists.c.o  -o cmTryCompileExec2672784163 -rdynamic 
CMakeFiles/cmTryCompileExec2672784163.dir/CheckSymbolExists.c.o: In function `main':
CheckSymbolExists.c:(.text+0x16): undefined reference to `pthread_create'
collect2: error: ld returned 1 exit status
CMakeFiles/cmTryCompileExec2672784163.dir/build.make:88: recipe for target 'cmTryCompileExec2672784163' failed
make[1]: *** [cmTryCompileExec2672784163] Error 1
make[1]: Leaving directory '/home/ctai/catkin_ws2/build/openni_launch/CMakeFiles/CMakeTmp'
Makefile:117: recipe for target 'cmTryCompileExec2672784163/fast' failed
make: *** [cmTryCompileExec2672784163/fast] Error 2

File /home/ctai/catkin_ws2/build/openni_launch/CMakeFiles/CMakeTmp/CheckSymbolExists.c:
/* */
#include <pthread.h>

int main(int argc, char** argv)
{
  (void)argv;
#ifndef pthread_create
  return ((int*)(&pthread_create))[argc];
#else
  (void)argc;
  return 0;
#endif
}

Determining if the function pthread_create exists in the pthreads failed with the following output:
Change Dir: /home/ctai/catkin_ws2/build/openni_launch/CMakeFiles/CMakeTmp

Run Build Command:"/usr/bin/make" "cmTryCompileExec1196435204/fast"
/usr/bin/make -f CMakeFiles/cmTryCompileExec1196435204.dir/build.make CMakeFiles/cmTryCompileExec1196435204.dir/build
make[1]: Entering directory '/home/ctai/catkin_ws2/build/openni_launch/CMakeFiles/CMakeTmp'
/usr/local/bin/cmake -E cmake_progress_report /home/ctai/catkin_ws2/build/openni_launch/CMakeFiles/CMakeTmp/CMakeFiles 1
Building C object CMakeFiles/cmTryCompileExec1196435204.dir/CheckFunctionExists.c.o
/usr/bin/cc   -DCHECK_FUNCTION_EXISTS=pthread_create   -o CMakeFiles/cmTryCompileExec1196435204.dir/CheckFunctionExists.c.o   -c /usr/local/share/cmake-3.2/Modules/CheckFunctionExists.c
Linking C executable cmTryCompileExec1196435204
/usr/local/bin/cmake -E cmake_link_script CMakeFiles/cmTryCompileExec1196435204.dir/link.txt --verbose=1
/usr/bin/cc   -DCHECK_FUNCTION_EXISTS=pthread_create    CMakeFiles/cmTryCompileExec1196435204.dir/CheckFunctionExists.c.o  -o cmTryCompileExec1196435204 -rdynamic -lpthreads 
/usr/bin/ld: cannot find -lpthreads
collect2: error: ld returned 1 exit status
CMakeFiles/cmTryCompileExec1196435204.dir/build.make:88: recipe for target 'cmTryCompileExec1196435204' failed
make[1]: Leaving directory '/home/ctai/catkin_ws2/build/openni_launch/CMakeFiles/CMakeTmp'
make[1]: *** [cmTryCompileExec1196435204] Error 1
Makefile:117: recipe for target 'cmTryCompileExec1196435204/fast' failed
make: *** [cmTryCompileExec1196435204/fast] Error 2


