Determining if the pthread_create exist failed with the following output:
Change Dir: /home/ctai/catkin_ws2/build/caljob_creator/CMakeFiles/CMakeTmp

Run Build Command:"/usr/bin/make" "cmTryCompileExec2299875279/fast"
/usr/bin/make -f CMakeFiles/cmTryCompileExec2299875279.dir/build.make CMakeFiles/cmTryCompileExec2299875279.dir/build
make[1]: Entering directory '/home/ctai/catkin_ws2/build/caljob_creator/CMakeFiles/CMakeTmp'
/usr/local/bin/cmake -E cmake_progress_report /home/ctai/catkin_ws2/build/caljob_creator/CMakeFiles/CMakeTmp/CMakeFiles 1
Building C object CMakeFiles/cmTryCompileExec2299875279.dir/CheckSymbolExists.c.o
/usr/bin/cc    -o CMakeFiles/cmTryCompileExec2299875279.dir/CheckSymbolExists.c.o   -c /home/ctai/catkin_ws2/build/caljob_creator/CMakeFiles/CMakeTmp/CheckSymbolExists.c
Linking C executable cmTryCompileExec2299875279
/usr/local/bin/cmake -E cmake_link_script CMakeFiles/cmTryCompileExec2299875279.dir/link.txt --verbose=1
/usr/bin/cc       CMakeFiles/cmTryCompileExec2299875279.dir/CheckSymbolExists.c.o  -o cmTryCompileExec2299875279 -rdynamic 
CMakeFiles/cmTryCompileExec2299875279.dir/CheckSymbolExists.c.o: In function `main':
CheckSymbolExists.c:(.text+0x16): undefined reference to `pthread_create'
collect2: error: ld returned 1 exit status
CMakeFiles/cmTryCompileExec2299875279.dir/build.make:88: recipe for target 'cmTryCompileExec2299875279' failed
make[1]: *** [cmTryCompileExec2299875279] Error 1
make[1]: Leaving directory '/home/ctai/catkin_ws2/build/caljob_creator/CMakeFiles/CMakeTmp'
Makefile:117: recipe for target 'cmTryCompileExec2299875279/fast' failed
make: *** [cmTryCompileExec2299875279/fast] Error 2

File /home/ctai/catkin_ws2/build/caljob_creator/CMakeFiles/CMakeTmp/CheckSymbolExists.c:
/* */
#include <pthread.h>

int main(int argc, char** argv)
{
  (void)argv;
#ifndef pthread_create
  return ((int*)(&pthread_create))[argc];
#else
  (void)argc;
  return 0;
#endif
}

Determining if the function pthread_create exists in the pthreads failed with the following output:
Change Dir: /home/ctai/catkin_ws2/build/caljob_creator/CMakeFiles/CMakeTmp

Run Build Command:"/usr/bin/make" "cmTryCompileExec3022115891/fast"
/usr/bin/make -f CMakeFiles/cmTryCompileExec3022115891.dir/build.make CMakeFiles/cmTryCompileExec3022115891.dir/build
make[1]: Entering directory '/home/ctai/catkin_ws2/build/caljob_creator/CMakeFiles/CMakeTmp'
/usr/local/bin/cmake -E cmake_progress_report /home/ctai/catkin_ws2/build/caljob_creator/CMakeFiles/CMakeTmp/CMakeFiles 1
Building C object CMakeFiles/cmTryCompileExec3022115891.dir/CheckFunctionExists.c.o
/usr/bin/cc   -DCHECK_FUNCTION_EXISTS=pthread_create   -o CMakeFiles/cmTryCompileExec3022115891.dir/CheckFunctionExists.c.o   -c /usr/local/share/cmake-3.2/Modules/CheckFunctionExists.c
Linking C executable cmTryCompileExec3022115891
/usr/local/bin/cmake -E cmake_link_script CMakeFiles/cmTryCompileExec3022115891.dir/link.txt --verbose=1
/usr/bin/cc   -DCHECK_FUNCTION_EXISTS=pthread_create    CMakeFiles/cmTryCompileExec3022115891.dir/CheckFunctionExists.c.o  -o cmTryCompileExec3022115891 -rdynamic -lpthreads 
/usr/bin/ld: cannot find -lpthreads
collect2: error: ld returned 1 exit status
CMakeFiles/cmTryCompileExec3022115891.dir/build.make:88: recipe for target 'cmTryCompileExec3022115891' failed
make[1]: Leaving directory '/home/ctai/catkin_ws2/build/caljob_creator/CMakeFiles/CMakeTmp'
make[1]: *** [cmTryCompileExec3022115891] Error 1
Makefile:117: recipe for target 'cmTryCompileExec3022115891/fast' failed
make: *** [cmTryCompileExec3022115891/fast] Error 2


