Determining if the pthread_create exist failed with the following output:
Change Dir: /home/ctai/catkin_ws2/build/robo_cylinder/CMakeFiles/CMakeTmp

Run Build Command:"/usr/bin/make" "cmTryCompileExec899691009/fast"
/usr/bin/make -f CMakeFiles/cmTryCompileExec899691009.dir/build.make CMakeFiles/cmTryCompileExec899691009.dir/build
make[1]: Entering directory '/home/ctai/catkin_ws2/build/robo_cylinder/CMakeFiles/CMakeTmp'
/usr/local/bin/cmake -E cmake_progress_report /home/ctai/catkin_ws2/build/robo_cylinder/CMakeFiles/CMakeTmp/CMakeFiles 1
Building C object CMakeFiles/cmTryCompileExec899691009.dir/CheckSymbolExists.c.o
/usr/bin/cc    -o CMakeFiles/cmTryCompileExec899691009.dir/CheckSymbolExists.c.o   -c /home/ctai/catkin_ws2/build/robo_cylinder/CMakeFiles/CMakeTmp/CheckSymbolExists.c
Linking C executable cmTryCompileExec899691009
/usr/local/bin/cmake -E cmake_link_script CMakeFiles/cmTryCompileExec899691009.dir/link.txt --verbose=1
/usr/bin/cc       CMakeFiles/cmTryCompileExec899691009.dir/CheckSymbolExists.c.o  -o cmTryCompileExec899691009 -rdynamic 
CMakeFiles/cmTryCompileExec899691009.dir/CheckSymbolExists.c.o: In function `main':
CheckSymbolExists.c:(.text+0x16): undefined reference to `pthread_create'
collect2: error: ld returned 1 exit status
CMakeFiles/cmTryCompileExec899691009.dir/build.make:88: recipe for target 'cmTryCompileExec899691009' failed
make[1]: *** [cmTryCompileExec899691009] Error 1
make[1]: Leaving directory '/home/ctai/catkin_ws2/build/robo_cylinder/CMakeFiles/CMakeTmp'
Makefile:117: recipe for target 'cmTryCompileExec899691009/fast' failed
make: *** [cmTryCompileExec899691009/fast] Error 2

File /home/ctai/catkin_ws2/build/robo_cylinder/CMakeFiles/CMakeTmp/CheckSymbolExists.c:
/* */
#include <pthread.h>

int main(int argc, char** argv)
{
  (void)argv;
#ifndef pthread_create
  return ((int*)(&pthread_create))[argc];
#else
  (void)argc;
  return 0;
#endif
}

Determining if the function pthread_create exists in the pthreads failed with the following output:
Change Dir: /home/ctai/catkin_ws2/build/robo_cylinder/CMakeFiles/CMakeTmp

Run Build Command:"/usr/bin/make" "cmTryCompileExec1730563660/fast"
/usr/bin/make -f CMakeFiles/cmTryCompileExec1730563660.dir/build.make CMakeFiles/cmTryCompileExec1730563660.dir/build
make[1]: Entering directory '/home/ctai/catkin_ws2/build/robo_cylinder/CMakeFiles/CMakeTmp'
/usr/local/bin/cmake -E cmake_progress_report /home/ctai/catkin_ws2/build/robo_cylinder/CMakeFiles/CMakeTmp/CMakeFiles 1
Building C object CMakeFiles/cmTryCompileExec1730563660.dir/CheckFunctionExists.c.o
/usr/bin/cc   -DCHECK_FUNCTION_EXISTS=pthread_create   -o CMakeFiles/cmTryCompileExec1730563660.dir/CheckFunctionExists.c.o   -c /usr/local/share/cmake-3.2/Modules/CheckFunctionExists.c
Linking C executable cmTryCompileExec1730563660
/usr/local/bin/cmake -E cmake_link_script CMakeFiles/cmTryCompileExec1730563660.dir/link.txt --verbose=1
/usr/bin/cc   -DCHECK_FUNCTION_EXISTS=pthread_create    CMakeFiles/cmTryCompileExec1730563660.dir/CheckFunctionExists.c.o  -o cmTryCompileExec1730563660 -rdynamic -lpthreads 
/usr/bin/ld: cannot find -lpthreads
collect2: error: ld returned 1 exit status
CMakeFiles/cmTryCompileExec1730563660.dir/build.make:88: recipe for target 'cmTryCompileExec1730563660' failed
make[1]: *** [cmTryCompileExec1730563660] Error 1
make[1]: Leaving directory '/home/ctai/catkin_ws2/build/robo_cylinder/CMakeFiles/CMakeTmp'
Makefile:117: recipe for target 'cmTryCompileExec1730563660/fast' failed
make: *** [cmTryCompileExec1730563660/fast] Error 2


