Determining if the pthread_create exist failed with the following output:
Change Dir: /home/ctai/catkin_ws2/build/image_geometry/CMakeFiles/CMakeTmp

Run Build Command:"/usr/bin/make" "cmTryCompileExec4032787916/fast"
/usr/bin/make -f CMakeFiles/cmTryCompileExec4032787916.dir/build.make CMakeFiles/cmTryCompileExec4032787916.dir/build
make[1]: Entering directory '/home/ctai/catkin_ws2/build/image_geometry/CMakeFiles/CMakeTmp'
/usr/local/bin/cmake -E cmake_progress_report /home/ctai/catkin_ws2/build/image_geometry/CMakeFiles/CMakeTmp/CMakeFiles 1
Building C object CMakeFiles/cmTryCompileExec4032787916.dir/CheckSymbolExists.c.o
/usr/bin/cc    -o CMakeFiles/cmTryCompileExec4032787916.dir/CheckSymbolExists.c.o   -c /home/ctai/catkin_ws2/build/image_geometry/CMakeFiles/CMakeTmp/CheckSymbolExists.c
Linking C executable cmTryCompileExec4032787916
/usr/local/bin/cmake -E cmake_link_script CMakeFiles/cmTryCompileExec4032787916.dir/link.txt --verbose=1
/usr/bin/cc       CMakeFiles/cmTryCompileExec4032787916.dir/CheckSymbolExists.c.o  -o cmTryCompileExec4032787916 -rdynamic 
CMakeFiles/cmTryCompileExec4032787916.dir/CheckSymbolExists.c.o: In function `main':
CheckSymbolExists.c:(.text+0x16): undefined reference to `pthread_create'
collect2: error: ld returned 1 exit status
CMakeFiles/cmTryCompileExec4032787916.dir/build.make:88: recipe for target 'cmTryCompileExec4032787916' failed
make[1]: *** [cmTryCompileExec4032787916] Error 1
make[1]: Leaving directory '/home/ctai/catkin_ws2/build/image_geometry/CMakeFiles/CMakeTmp'
Makefile:117: recipe for target 'cmTryCompileExec4032787916/fast' failed
make: *** [cmTryCompileExec4032787916/fast] Error 2

File /home/ctai/catkin_ws2/build/image_geometry/CMakeFiles/CMakeTmp/CheckSymbolExists.c:
/* */
#include <pthread.h>

int main(int argc, char** argv)
{
  (void)argv;
#ifndef pthread_create
  return ((int*)(&pthread_create))[argc];
#else
  (void)argc;
  return 0;
#endif
}

Determining if the function pthread_create exists in the pthreads failed with the following output:
Change Dir: /home/ctai/catkin_ws2/build/image_geometry/CMakeFiles/CMakeTmp

Run Build Command:"/usr/bin/make" "cmTryCompileExec3602414231/fast"
/usr/bin/make -f CMakeFiles/cmTryCompileExec3602414231.dir/build.make CMakeFiles/cmTryCompileExec3602414231.dir/build
make[1]: Entering directory '/home/ctai/catkin_ws2/build/image_geometry/CMakeFiles/CMakeTmp'
/usr/local/bin/cmake -E cmake_progress_report /home/ctai/catkin_ws2/build/image_geometry/CMakeFiles/CMakeTmp/CMakeFiles 1
Building C object CMakeFiles/cmTryCompileExec3602414231.dir/CheckFunctionExists.c.o
/usr/bin/cc   -DCHECK_FUNCTION_EXISTS=pthread_create   -o CMakeFiles/cmTryCompileExec3602414231.dir/CheckFunctionExists.c.o   -c /usr/local/share/cmake-3.2/Modules/CheckFunctionExists.c
Linking C executable cmTryCompileExec3602414231
/usr/local/bin/cmake -E cmake_link_script CMakeFiles/cmTryCompileExec3602414231.dir/link.txt --verbose=1
/usr/bin/cc   -DCHECK_FUNCTION_EXISTS=pthread_create    CMakeFiles/cmTryCompileExec3602414231.dir/CheckFunctionExists.c.o  -o cmTryCompileExec3602414231 -rdynamic -lpthreads 
/usr/bin/ld: cannot find -lpthreads
collect2: error: ld returned 1 exit status
CMakeFiles/cmTryCompileExec3602414231.dir/build.make:88: recipe for target 'cmTryCompileExec3602414231' failed
make[1]: Leaving directory '/home/ctai/catkin_ws2/build/image_geometry/CMakeFiles/CMakeTmp'
Makefile:117: recipe for target 'cmTryCompileExec3602414231/fast' failed
make[1]: *** [cmTryCompileExec3602414231] Error 1
make: *** [cmTryCompileExec3602414231/fast] Error 2


