Determining if the pthread_create exist failed with the following output:
Change Dir: /home/ctai/catkin_ws2/build/intrinsic_cal/CMakeFiles/CMakeTmp

Run Build Command:"/usr/bin/make" "cmTryCompileExec747630052/fast"
/usr/bin/make -f CMakeFiles/cmTryCompileExec747630052.dir/build.make CMakeFiles/cmTryCompileExec747630052.dir/build
make[1]: Entering directory '/home/ctai/catkin_ws2/build/intrinsic_cal/CMakeFiles/CMakeTmp'
/usr/local/bin/cmake -E cmake_progress_report /home/ctai/catkin_ws2/build/intrinsic_cal/CMakeFiles/CMakeTmp/CMakeFiles 1
Building C object CMakeFiles/cmTryCompileExec747630052.dir/CheckSymbolExists.c.o
/usr/bin/cc    -o CMakeFiles/cmTryCompileExec747630052.dir/CheckSymbolExists.c.o   -c /home/ctai/catkin_ws2/build/intrinsic_cal/CMakeFiles/CMakeTmp/CheckSymbolExists.c
Linking C executable cmTryCompileExec747630052
/usr/local/bin/cmake -E cmake_link_script CMakeFiles/cmTryCompileExec747630052.dir/link.txt --verbose=1
/usr/bin/cc       CMakeFiles/cmTryCompileExec747630052.dir/CheckSymbolExists.c.o  -o cmTryCompileExec747630052 -rdynamic 
CMakeFiles/cmTryCompileExec747630052.dir/CheckSymbolExists.c.o: In function `main':
CheckSymbolExists.c:(.text+0x16): undefined reference to `pthread_create'
collect2: error: ld returned 1 exit status
CMakeFiles/cmTryCompileExec747630052.dir/build.make:88: recipe for target 'cmTryCompileExec747630052' failed
make[1]: *** [cmTryCompileExec747630052] Error 1
make[1]: Leaving directory '/home/ctai/catkin_ws2/build/intrinsic_cal/CMakeFiles/CMakeTmp'
Makefile:117: recipe for target 'cmTryCompileExec747630052/fast' failed
make: *** [cmTryCompileExec747630052/fast] Error 2

File /home/ctai/catkin_ws2/build/intrinsic_cal/CMakeFiles/CMakeTmp/CheckSymbolExists.c:
/* */
#include <pthread.h>

int main(int argc, char** argv)
{
  (void)argv;
#ifndef pthread_create
  return ((int*)(&pthread_create))[argc];
#else
  (void)argc;
  return 0;
#endif
}

Determining if the function pthread_create exists in the pthreads failed with the following output:
Change Dir: /home/ctai/catkin_ws2/build/intrinsic_cal/CMakeFiles/CMakeTmp

Run Build Command:"/usr/bin/make" "cmTryCompileExec455937805/fast"
/usr/bin/make -f CMakeFiles/cmTryCompileExec455937805.dir/build.make CMakeFiles/cmTryCompileExec455937805.dir/build
make[1]: Entering directory '/home/ctai/catkin_ws2/build/intrinsic_cal/CMakeFiles/CMakeTmp'
/usr/local/bin/cmake -E cmake_progress_report /home/ctai/catkin_ws2/build/intrinsic_cal/CMakeFiles/CMakeTmp/CMakeFiles 1
Building C object CMakeFiles/cmTryCompileExec455937805.dir/CheckFunctionExists.c.o
/usr/bin/cc   -DCHECK_FUNCTION_EXISTS=pthread_create   -o CMakeFiles/cmTryCompileExec455937805.dir/CheckFunctionExists.c.o   -c /usr/local/share/cmake-3.2/Modules/CheckFunctionExists.c
Linking C executable cmTryCompileExec455937805
/usr/local/bin/cmake -E cmake_link_script CMakeFiles/cmTryCompileExec455937805.dir/link.txt --verbose=1
/usr/bin/cc   -DCHECK_FUNCTION_EXISTS=pthread_create    CMakeFiles/cmTryCompileExec455937805.dir/CheckFunctionExists.c.o  -o cmTryCompileExec455937805 -rdynamic -lpthreads 
/usr/bin/ld: cannot find -lpthreads
collect2: error: ld returned 1 exit status
CMakeFiles/cmTryCompileExec455937805.dir/build.make:88: recipe for target 'cmTryCompileExec455937805' failed
make[1]: *** [cmTryCompileExec455937805] Error 1
make[1]: Leaving directory '/home/ctai/catkin_ws2/build/intrinsic_cal/CMakeFiles/CMakeTmp'
Makefile:117: recipe for target 'cmTryCompileExec455937805/fast' failed
make: *** [cmTryCompileExec455937805/fast] Error 2


