Determining if the pthread_create exist failed with the following output:
Change Dir: /home/ctai/catkin_ws2/build/calibrate_gui/CMakeFiles/CMakeTmp

Run Build Command:"/usr/bin/make" "cmTryCompileExec3948246736/fast"
/usr/bin/make -f CMakeFiles/cmTryCompileExec3948246736.dir/build.make CMakeFiles/cmTryCompileExec3948246736.dir/build
make[1]: Entering directory '/home/ctai/catkin_ws2/build/calibrate_gui/CMakeFiles/CMakeTmp'
/usr/local/bin/cmake -E cmake_progress_report /home/ctai/catkin_ws2/build/calibrate_gui/CMakeFiles/CMakeTmp/CMakeFiles 1
Building C object CMakeFiles/cmTryCompileExec3948246736.dir/CheckSymbolExists.c.o
/usr/bin/cc    -o CMakeFiles/cmTryCompileExec3948246736.dir/CheckSymbolExists.c.o   -c /home/ctai/catkin_ws2/build/calibrate_gui/CMakeFiles/CMakeTmp/CheckSymbolExists.c
Linking C executable cmTryCompileExec3948246736
/usr/local/bin/cmake -E cmake_link_script CMakeFiles/cmTryCompileExec3948246736.dir/link.txt --verbose=1
/usr/bin/cc       CMakeFiles/cmTryCompileExec3948246736.dir/CheckSymbolExists.c.o  -o cmTryCompileExec3948246736 -rdynamic 
CMakeFiles/cmTryCompileExec3948246736.dir/CheckSymbolExists.c.o: In function `main':
CheckSymbolExists.c:(.text+0x16): undefined reference to `pthread_create'
collect2: error: ld returned 1 exit status
CMakeFiles/cmTryCompileExec3948246736.dir/build.make:88: recipe for target 'cmTryCompileExec3948246736' failed
make[1]: *** [cmTryCompileExec3948246736] Error 1
make[1]: Leaving directory '/home/ctai/catkin_ws2/build/calibrate_gui/CMakeFiles/CMakeTmp'
Makefile:117: recipe for target 'cmTryCompileExec3948246736/fast' failed
make: *** [cmTryCompileExec3948246736/fast] Error 2

File /home/ctai/catkin_ws2/build/calibrate_gui/CMakeFiles/CMakeTmp/CheckSymbolExists.c:
/* */
#include <pthread.h>

int main(int argc, char** argv)
{
  (void)argv;
#ifndef pthread_create
  return ((int*)(&pthread_create))[argc];
#else
  (void)argc;
  return 0;
#endif
}

Determining if the function pthread_create exists in the pthreads failed with the following output:
Change Dir: /home/ctai/catkin_ws2/build/calibrate_gui/CMakeFiles/CMakeTmp

Run Build Command:"/usr/bin/make" "cmTryCompileExec616682915/fast"
/usr/bin/make -f CMakeFiles/cmTryCompileExec616682915.dir/build.make CMakeFiles/cmTryCompileExec616682915.dir/build
make[1]: Entering directory '/home/ctai/catkin_ws2/build/calibrate_gui/CMakeFiles/CMakeTmp'
/usr/local/bin/cmake -E cmake_progress_report /home/ctai/catkin_ws2/build/calibrate_gui/CMakeFiles/CMakeTmp/CMakeFiles 1
Building C object CMakeFiles/cmTryCompileExec616682915.dir/CheckFunctionExists.c.o
/usr/bin/cc   -DCHECK_FUNCTION_EXISTS=pthread_create   -o CMakeFiles/cmTryCompileExec616682915.dir/CheckFunctionExists.c.o   -c /usr/local/share/cmake-3.2/Modules/CheckFunctionExists.c
Linking C executable cmTryCompileExec616682915
/usr/local/bin/cmake -E cmake_link_script CMakeFiles/cmTryCompileExec616682915.dir/link.txt --verbose=1
/usr/bin/cc   -DCHECK_FUNCTION_EXISTS=pthread_create    CMakeFiles/cmTryCompileExec616682915.dir/CheckFunctionExists.c.o  -o cmTryCompileExec616682915 -rdynamic -lpthreads 
/usr/bin/ld: cannot find -lpthreads
collect2: error: ld returned 1 exit status
CMakeFiles/cmTryCompileExec616682915.dir/build.make:88: recipe for target 'cmTryCompileExec616682915' failed
make[1]: *** [cmTryCompileExec616682915] Error 1
make[1]: Leaving directory '/home/ctai/catkin_ws2/build/calibrate_gui/CMakeFiles/CMakeTmp'
Makefile:117: recipe for target 'cmTryCompileExec616682915/fast' failed
make: *** [cmTryCompileExec616682915/fast] Error 2


Determining if the Q_WS_WIN exist failed with the following output:
Change Dir: /home/ctai/catkin_ws2/build/calibrate_gui/CMakeFiles/CMakeTmp

Run Build Command:"/usr/bin/make" "cmTryCompileExec4085116259/fast"
/usr/bin/make -f CMakeFiles/cmTryCompileExec4085116259.dir/build.make CMakeFiles/cmTryCompileExec4085116259.dir/build
make[1]: Entering directory '/home/ctai/catkin_ws2/build/calibrate_gui/CMakeFiles/CMakeTmp'
/usr/local/bin/cmake -E cmake_progress_report /home/ctai/catkin_ws2/build/calibrate_gui/CMakeFiles/CMakeTmp/CMakeFiles 1
Building CXX object CMakeFiles/cmTryCompileExec4085116259.dir/CheckSymbolExists.cxx.o
/usr/bin/c++    -I/usr/include/qt4    -o CMakeFiles/cmTryCompileExec4085116259.dir/CheckSymbolExists.cxx.o -c /home/ctai/catkin_ws2/build/calibrate_gui/CMakeFiles/CMakeTmp/CheckSymbolExists.cxx
/home/ctai/catkin_ws2/build/calibrate_gui/CMakeFiles/CMakeTmp/CheckSymbolExists.cxx: In function ‘int main(int, char**)’:
/home/ctai/catkin_ws2/build/calibrate_gui/CMakeFiles/CMakeTmp/CheckSymbolExists.cxx:8:19: error: ‘Q_WS_WIN’ was not declared in this scope
   return ((int*)(&Q_WS_WIN))[argc];
                   ^
CMakeFiles/cmTryCompileExec4085116259.dir/build.make:57: recipe for target 'CMakeFiles/cmTryCompileExec4085116259.dir/CheckSymbolExists.cxx.o' failed
make[1]: *** [CMakeFiles/cmTryCompileExec4085116259.dir/CheckSymbolExists.cxx.o] Error 1
make[1]: Leaving directory '/home/ctai/catkin_ws2/build/calibrate_gui/CMakeFiles/CMakeTmp'
Makefile:117: recipe for target 'cmTryCompileExec4085116259/fast' failed
make: *** [cmTryCompileExec4085116259/fast] Error 2

File /home/ctai/catkin_ws2/build/calibrate_gui/CMakeFiles/CMakeTmp/CheckSymbolExists.cxx:
/* */
#include <QtCore/qglobal.h>

int main(int argc, char** argv)
{
  (void)argv;
#ifndef Q_WS_WIN
  return ((int*)(&Q_WS_WIN))[argc];
#else
  (void)argc;
  return 0;
#endif
}

Determining if the Q_WS_QWS exist failed with the following output:
Change Dir: /home/ctai/catkin_ws2/build/calibrate_gui/CMakeFiles/CMakeTmp

Run Build Command:"/usr/bin/make" "cmTryCompileExec4057706783/fast"
/usr/bin/make -f CMakeFiles/cmTryCompileExec4057706783.dir/build.make CMakeFiles/cmTryCompileExec4057706783.dir/build
make[1]: Entering directory '/home/ctai/catkin_ws2/build/calibrate_gui/CMakeFiles/CMakeTmp'
/usr/local/bin/cmake -E cmake_progress_report /home/ctai/catkin_ws2/build/calibrate_gui/CMakeFiles/CMakeTmp/CMakeFiles 1
Building CXX object CMakeFiles/cmTryCompileExec4057706783.dir/CheckSymbolExists.cxx.o
/usr/bin/c++    -I/usr/include/qt4    -o CMakeFiles/cmTryCompileExec4057706783.dir/CheckSymbolExists.cxx.o -c /home/ctai/catkin_ws2/build/calibrate_gui/CMakeFiles/CMakeTmp/CheckSymbolExists.cxx
/home/ctai/catkin_ws2/build/calibrate_gui/CMakeFiles/CMakeTmp/CheckSymbolExists.cxx: In function ‘int main(int, char**)’:
/home/ctai/catkin_ws2/build/calibrate_gui/CMakeFiles/CMakeTmp/CheckSymbolExists.cxx:8:19: error: ‘Q_WS_QWS’ was not declared in this scope
   return ((int*)(&Q_WS_QWS))[argc];
                   ^
CMakeFiles/cmTryCompileExec4057706783.dir/build.make:57: recipe for target 'CMakeFiles/cmTryCompileExec4057706783.dir/CheckSymbolExists.cxx.o' failed
make[1]: *** [CMakeFiles/cmTryCompileExec4057706783.dir/CheckSymbolExists.cxx.o] Error 1
make[1]: Leaving directory '/home/ctai/catkin_ws2/build/calibrate_gui/CMakeFiles/CMakeTmp'
Makefile:117: recipe for target 'cmTryCompileExec4057706783/fast' failed
make: *** [cmTryCompileExec4057706783/fast] Error 2

File /home/ctai/catkin_ws2/build/calibrate_gui/CMakeFiles/CMakeTmp/CheckSymbolExists.cxx:
/* */
#include <QtCore/qglobal.h>

int main(int argc, char** argv)
{
  (void)argv;
#ifndef Q_WS_QWS
  return ((int*)(&Q_WS_QWS))[argc];
#else
  (void)argc;
  return 0;
#endif
}

Determining if the Q_WS_MAC exist failed with the following output:
Change Dir: /home/ctai/catkin_ws2/build/calibrate_gui/CMakeFiles/CMakeTmp

Run Build Command:"/usr/bin/make" "cmTryCompileExec1113699087/fast"
/usr/bin/make -f CMakeFiles/cmTryCompileExec1113699087.dir/build.make CMakeFiles/cmTryCompileExec1113699087.dir/build
make[1]: Entering directory '/home/ctai/catkin_ws2/build/calibrate_gui/CMakeFiles/CMakeTmp'
/usr/local/bin/cmake -E cmake_progress_report /home/ctai/catkin_ws2/build/calibrate_gui/CMakeFiles/CMakeTmp/CMakeFiles 1
Building CXX object CMakeFiles/cmTryCompileExec1113699087.dir/CheckSymbolExists.cxx.o
/usr/bin/c++    -I/usr/include/qt4    -o CMakeFiles/cmTryCompileExec1113699087.dir/CheckSymbolExists.cxx.o -c /home/ctai/catkin_ws2/build/calibrate_gui/CMakeFiles/CMakeTmp/CheckSymbolExists.cxx
/home/ctai/catkin_ws2/build/calibrate_gui/CMakeFiles/CMakeTmp/CheckSymbolExists.cxx: In function ‘int main(int, char**)’:
/home/ctai/catkin_ws2/build/calibrate_gui/CMakeFiles/CMakeTmp/CheckSymbolExists.cxx:8:19: error: ‘Q_WS_MAC’ was not declared in this scope
   return ((int*)(&Q_WS_MAC))[argc];
                   ^
CMakeFiles/cmTryCompileExec1113699087.dir/build.make:57: recipe for target 'CMakeFiles/cmTryCompileExec1113699087.dir/CheckSymbolExists.cxx.o' failed
make[1]: *** [CMakeFiles/cmTryCompileExec1113699087.dir/CheckSymbolExists.cxx.o] Error 1
make[1]: Leaving directory '/home/ctai/catkin_ws2/build/calibrate_gui/CMakeFiles/CMakeTmp'
Makefile:117: recipe for target 'cmTryCompileExec1113699087/fast' failed
make: *** [cmTryCompileExec1113699087/fast] Error 2

File /home/ctai/catkin_ws2/build/calibrate_gui/CMakeFiles/CMakeTmp/CheckSymbolExists.cxx:
/* */
#include <QtCore/qglobal.h>

int main(int argc, char** argv)
{
  (void)argv;
#ifndef Q_WS_MAC
  return ((int*)(&Q_WS_MAC))[argc];
#else
  (void)argc;
  return 0;
#endif
}

